<?xml version="1.0" encoding="UTF-8"?>
<testng-results total="1" passed="1" failed="0" skipped="0">
  <reporter-output>
  </reporter-output>
  <suite started-at="2025-02-06T16:50:31Z" name="Test Suite for Buildout" finished-at="2025-02-06T16:51:04Z" duration-ms="32903">
    <groups>
    </groups>
    <test started-at="2025-02-06T16:50:31Z" name="Test Cases for Buildout" finished-at="2025-02-06T16:51:04Z" duration-ms="32903">
      <class name="demo.TestCases">
        <test-method is-config="true" signature="startBrowser()[pri:0, instance:demo.TestCases@a307a8c]" started-at="2025-02-06T22:20:31Z" name="startBrowser" finished-at="2025-02-06T22:20:36Z" duration-ms="4249" status="PASS">
          <reporter-output>
          </reporter-output>
        </test-method> <!-- startBrowser -->
        <test-method signature="testCase01()[pri:0, instance:demo.TestCases@a307a8c]" started-at="2025-02-06T22:20:36Z" name="testCase01" finished-at="2025-02-06T22:21:04Z" duration-ms="28273" status="PASS">
          <reporter-output>
          </reporter-output>
        </test-method> <!-- testCase01 -->
        <test-method is-config="true" signature="endTest()[pri:0, instance:demo.TestCases@a307a8c]" started-at="2025-02-06T22:21:04Z" name="endTest" finished-at="2025-02-06T22:21:04Z" duration-ms="348" status="PASS">
          <reporter-output>
          </reporter-output>
        </test-method> <!-- endTest -->
      </class> <!-- demo.TestCases -->
    </test> <!-- Test Cases for Buildout -->
  </suite> <!-- Test Suite for Buildout -->
</testng-results>
